<?xml version="1.0" encoding="UTF-8"?>
<testsuite xmlns:xsi="http://www.w3.org/2001/XMLSchema-instance" xsi:noNamespaceSchemaLocation="https://maven.apache.org/surefire/maven-surefire-plugin/xsd/surefire-test-report.xsd" name="cucumber.Options.TestRunner" time="20.423" tests="3" errors="0" skipped="0" failures="0">
  <properties>
[...]
</properties>
  <testcase name="Verify if Place is being Succesfully Added using AddPlaceAPI #1" classname="Validating Place API&apos;s" time="9.574"/>
  <testcase name="Verify if Place is being Succesfully Added using AddPlaceAPI #2" classname="Validating Place API&apos;s" time="5.765"/>
  <testcase name="Verify if Delete Place functionality is working" classname="Validating Place API&apos;s" time="4.447"/>
</testsuite>